<?xml version="1.0" encoding="utf-8"?>
<!DOCTYPE coverage SYSTEM "http://cobertura.sourceforge.net/xml/coverage-04.dtd">
<coverage line-rate="0.85982104814657" branch-rate="0.617647058823529" lines-covered="2018" lines-valid="2347" branches-covered="105" branches-valid="170" complexity="537" version="0" timestamp="1773532717">
  <sources>
    <source>C:\Users\Hilmer Campos\</source>
  </sources>
  <packages>
    <package name="MundialCorporativo.Api" line-rate="0.957186544342508" branch-rate="0.866666666666667" complexity="65">
      <classes>
        <class name="MundialCorporativo.Api.Common.ApiResultMapper" filename="C:\Users\Hilmer Campos\source\repos\pruebita8\MundialCorporativo.Api\Common\ApiResultMapper.cs" line-rate="1" branch-rate="1" complexity="8">
          <methods>
            <method name="ToActionResult" signature="(...)" line-rate="1" branch-rate="1" complexity="8">
              <lines>
                <line number="9" hits="12" branch="false" />
                <line number="10" hits="12" branch="true" condition-coverage="100% (2/2)" />
                <line number="11" hits="7" branch="false" />
                <line number="12" hits="7" branch="false" />
                <line number="15" hits="5" branch="true" condition-coverage="100% (6/6)" />
                <line number="16" hits="5" branch="false" />
                <line number="17" hits="1" branch="false" />
                <line number="18" hits="2" branch="false" />
                <line number="19" hits="1" branch="false" />
                <line number="20" hits="1" branch="false" />
                <line number="21" hits="5" branch="false" />
                <line number="22" hits="12" branch="false" />
              </lines>
            </method>
          </methods>
          <lines>
            <line number="9" hits="12" branch="false" />
            <line number="10" hits="12" branch="true" condition-coverage="100% (2/2)" />
            <line number="11" hits="7" branch="false" />
            <line number="12" hits="7" branch="false" />
            <line number="15" hits="5" branch="true" condition-coverage="100% (6/6)" />
            <line number="16" hits="5" branch="false" />
            <line number="17" hits="1" branch="false" />
            <line number="18" hits="2" branch="false" />
            <line number="19" hits="1" branch="false" />
            <line number="20" hits="1" branch="false" />
            <line number="21" hits="5" branch="false" />
            <line number="22" hits="12" branch="false" />
          </lines>
        </class>
        <class name="MundialCorporativo.Api.Common.IdempotentControllerBase" filename="C:\Users\Hilmer Campos\source\repos\pruebita8\MundialCorporativo.Api\Common\IdempotentControllerBase.cs" line-rate="1" branch-rate="1" complexity="6">
          <methods>
            <method name="ExecuteIdempotentPostAsync" signature="()" line-rate="1" branch-rate="1" complexity="6">
              <lines>
                <line number="16" hits="50" branch="false" />
                <line number="17" hits="50" branch="true" condition-coverage="100% (4/4)" />
                <line number="18" hits="3" branch="false" />
                <line number="19" hits="3" branch="false" />
                <line number="22" hits="47" branch="false" />
                <line number="23" hits="47" branch="true" condition-coverage="100% (2/2)" />
                <line number="24" hits="1" branch="false" />
                <line number="25" hits="1" branch="false" />
                <line number="26" hits="1" branch="false" />
                <line number="27" hits="1" branch="false" />
                <line number="28" hits="1" branch="false" />
                <line number="29" hits="1" branch="false" />
                <line number="30" hits="1" branch="false" />
                <line number="33" hits="46" branch="false" />
                <line number="34" hits="46" branch="false" />
                <line number="36" hits="46" branch="false" />
                <line number="38" hits="46" branch="false" />
                <line number="39" hits="50" branch="false" />
              </lines>
            </method>
          </methods>
          <lines>
            <line number="16" hits="50" branch="false" />
            <line number="17" hits="50" branch="true" condition-coverage="100% (4/4)" />
            <line number="18" hits="3" branch="false" />
            <line number="19" hits="3" branch="false" />
            <line number="22" hits="47" branch="false" />
            <line number="23" hits="47" branch="true" condition-coverage="100% (2/2)" />
            <line number="24" hits="1" branch="false" />
            <line number="25" hits="1" branch="false" />
            <line number="26" hits="1" branch="false" />
            <line number="27" hits="1" branch="false" />
            <line number="28" hits="1" branch="false" />
            <line number="29" hits="1" branch="false" />
            <line number="30" hits="1" branch="false" />
            <line number="33" hits="46" branch="false" />
            <line number="34" hits="46" branch="false" />
            <line number="36" hits="46" branch="false" />
            <line number="38" hits="46" branch="false" />
            <line number="39" hits="50" branch="false" />
          </lines>
        </class>
        <class name="MundialCorporativo.Api.Contracts.MatchCreateRequest" filename="C:\Users\Hilmer Campos\source\repos\pruebita8\MundialCorporativo.Api\Contracts\CommonContracts.cs" line-rate="1" branch-rate="1" complexity="1">
          <methods>
            <method name="get_HomeTeamId" signature="()" line-rate="1" branch-rate="1" complexity="1">
              <lines>
                <line number="13" hits="71" branch="false" />
              </lines>
            </method>
          </methods>
          <lines>
            <line number="13" hits="71" branch="false" />
          </lines>
        </class>
        <class name="MundialCorporativo.Api.Contracts.MatchPatchRequest" filename="C:\Users\Hilmer Campos\source\repos\pruebita8\MundialCorporativo.Api\Contracts\CommonContracts.cs" line-rate="1" branch-rate="1" complexity="1">
          <methods>
            <method name="get_MatchDateUtc" signature="()" line-rate="1" branch-rate="1" complexity="1">
              <lines>
                <line number="14" hits="10" branch="false" />
              </lines>
            </method>
          </methods>
          <lines>
            <line number="14" hits="10" branch="false" />
          </lines>
        </class>
        <class name="MundialCorporativo.Api.Contracts.PaginationRequest" filename="C:\Users\Hilmer Campos\source\repos\pruebita8\MundialCorporativo.Api\Contracts\CommonContracts.cs" line-rate="1" branch-rate="1" complexity="1">
          <methods>
            <method name="get_PageNumber" signature="()" line-rate="1" branch-rate="1" complexity="1">
              <lines>
                <line number="3" hits="60" branch="false" />
              </lines>
            </method>
          </methods>
          <lines>
            <line number="3" hits="60" branch="false" />
          </lines>
        </class>
        <class name="MundialCorporativo.Api.Contracts.PlayerCreateRequest" filename="C:\Users\Hilmer Campos\source\repos\pruebita8\MundialCorporativo.Api\Contracts\CommonContracts.cs" line-rate="1" branch-rate="1" complexity="1">
          <methods>
            <method name="get_FullName" signature="()" line-rate="1" branch-rate="1" complexity="1">
              <lines>
                <line number="9" hits="36" branch="false" />
              </lines>
            </method>
          </methods>
          <lines>
            <line number="9" hits="36" branch="false" />
          </lines>
        </class>
        <class name="MundialCorporativo.Api.Contracts.PlayerPatchRequest" filename="C:\Users\Hilmer Campos\source\repos\pruebita8\MundialCorporativo.Api\Contracts\CommonContracts.cs" line-rate="1" branch-rate="1" complexity="1">
          <methods>
            <method name="get_FullName" signature="()" line-rate="1" branch-rate="1" complexity="1">
              <lines>
                <line number="11" hits="5" branch="false" />
              </lines>
            </method>
          </methods>
          <lines>
            <line number="11" hits="5" branch="false" />
          </lines>
        </class>
        <class name="MundialCorporativo.Api.Contracts.PlayerUpdateRequest" filename="C:\Users\Hilmer Campos\source\repos\pruebita8\MundialCorporativo.Api\Contracts\CommonContracts.cs" line-rate="1" branch-rate="1" complexity="1">
          <methods>
            <method name="get_FullName" signature="()" line-rate="1" branch-rate="1" complexity="1">
              <lines>
                <line number="10" hits="5" branch="false" />
              </lines>
            </method>
          </methods>
          <lines>
            <line number="10" hits="5" branch="false" />
          </lines>
        </class>
        <class name="MundialCorporativo.Api.Contracts.RegisterGoalRequest" filename="C:\Users\Hilmer Campos\source\repos\pruebita8\MundialCorporativo.Api\Contracts\CommonContracts.cs" line-rate="1" branch-rate="1" complexity="1">
          <methods>
            <method name="get_PlayerId" signature="()" line-rate="1" branch-rate="1" complexity="1">
              <lines>
                <line number="16" hits="3" branch="false" />
              </lines>
            </method>
          </methods>
          <lines>
            <line number="16" hits="3" branch="false" />
          </lines>
        </class>
        <class name="MundialCorporativo.Api.Contracts.RegisterMatchResultRequest" filename="C:\Users\Hilmer Campos\source\repos\pruebita8\MundialCorporativo.Api\Contracts\CommonContracts.cs" line-rate="1" branch-rate="1" complexity="1">
          <methods>
            <method name="get_HomeScore" signature="()" line-rate="1" branch-rate="1" complexity="1">
              <lines>
                <line number="15" hits="20" branch="false" />
              </lines>
            </method>
          </methods>
          <lines>
            <line number="15" hits="20" branch="false" />
          </lines>
        </class>
        <class name="MundialCorporativo.Api.Contracts.TeamCreateRequest" filename="C:\Users\Hilmer Campos\source\repos\pruebita8\MundialCorporativo.Api\Contracts\CommonContracts.cs" line-rate="1" branch-rate="1" complexity="1">
          <methods>
            <method name="get_Name" signature="()" line-rate="1" branch-rate="1" complexity="1">
              <lines>
                <line number="5" hits="93" branch="false" />
              </lines>
            </method>
          </methods>
          <lines>
            <line number="5" hits="93" branch="false" />
          </lines>
        </class>
        <class name="MundialCorporativo.Api.Contracts.TeamPatchRequest" filename="C:\Users\Hilmer Campos\source\repos\pruebita8\MundialCorporativo.Api\Contracts\CommonContracts.cs" line-rate="1" branch-rate="1" complexity="1">
          <methods>
            <method name="get_Name" signature="()" line-rate="1" branch-rate="1" complexity="1">
              <lines>
                <line number="7" hits="3" branch="false" />
              </lines>
            </method>
          </methods>
          <lines>
            <line number="7" hits="3" branch="false" />
          </lines>
        </class>
        <class name="MundialCorporativo.Api.Contracts.TeamUpdateRequest" filename="C:\Users\Hilmer Campos\source\repos\pruebita8\MundialCorporativo.Api\Contracts\CommonContracts.cs" line-rate="1" branch-rate="1" complexity="1">
          <methods>
            <method name="get_Name" signature="()" line-rate="1" branch-rate="1" complexity="1">
              <lines>
                <line number="6" hits="6" branch="false" />
              </lines>
            </method>
          </methods>
          <lines>
            <line number="6" hits="6" branch="false" />
          </lines>
        </class>
        <class name="MundialCorporativo.Api.Controllers.MatchesController" filename="C:\Users\Hilmer Campos\source\repos\pruebita8\MundialCorporativo.Api\Controllers\MatchesController.cs" line-rate="1" branch-rate="1" complexity="8">
          <methods>
            <method name="Create" signature="(...)" line-rate="1" branch-rate="1" complexity="1">
              <lines>
                <line number="66" hits="10" branch="false" />
                <line number="67" hits="10" branch="false" />
                <line number="68" hits="10" branch="false" />
                <line number="69" hits="10" branch="false" />
                <line number="70" hits="9" branch="false" />
                <line number="71" hits="9" branch="false" />
                <line number="72" hits="9" branch="false" />
                <line number="73" hits="2" branch="false" />
                <line number="74" hits="2" branch="false" />
                <line number="75" hits="2" branch="false" />
                <line number="76" hits="10" branch="false" />
                <line number="77" hits="10" branch="false" />
                <line number="78" hits="7" branch="false" />
                <line number="79" hits="9" branch="false" />
                <line number="80" hits="10" branch="false" />
                <line number="81" hits="10" branch="false" />
              </lines>
            </method>
            <method name="RegisterResult" signature="(...)" line-rate="1" branch-rate="1" complexity="1">
              <lines>
                <line number="85" hits="2" branch="false" />
                <line number="86" hits="2" branch="false" />
                <line number="87" hits="2" branch="false" />
                <line number="88" hits="2" branch="false" />
                <line number="89" hits="2" branch="false" />
                <line number="90" hits="2" branch="false" />
                <line number="91" hits="2" branch="false" />
                <line number="92" hits="2" branch="false" />
                <line number="93" hits="1" branch="false" />
                <line number="94" hits="1" branch="false" />
                <line number="95" hits="1" branch="false" />
                <line number="96" hits="2" branch="false" />
                <line number="97" hits="2" branch="false" />
                <line number="98" hits="1" branch="false" />
                <line number="99" hits="2" branch="false" />
                <line number="100" hits="2" branch="false" />
                <line number="101" hits="2" branch="false" />
              </lines>
            </method>
            <method name=".ctor" signature="(...)" line-rate="1" branch-rate="1" complexity="1">
              <lines>
                <line number="24" hits="18" branch="false" />
                <line number="25" hits="18" branch="false" />
                <line number="26" hits="18" branch="false" />
                <line number="27" hits="18" branch="false" />
                <line number="28" hits="18" branch="false" />
                <line number="29" hits="18" branch="false" />
                <line number="30" hits="18" branch="false" />
                <line number="31" hits="18" branch="false" />
                <line number="32" hits="18" branch="false" />
                <line number="33" hits="18" branch="false" />
                <line number="34" hits="18" branch="false" />
                <line number="35" hits="18" branch="false" />
                <line number="36" hits="18" branch="false" />
                <line number="37" hits="18" branch="false" />
                <line number="38" hits="18" branch="false" />
                <line number="39" hits="18" branch="false" />
                <line number="40" hits="18" branch="false" />
              </lines>
            </method>
            <method name="Delete" signature="()" line-rate="1" branch-rate="1" complexity="1">
              <lines>
                <line number="112" hits="1" branch="false" />
                <line number="113" hits="1" branch="false" />
                <line number="114" hits="1" branch="false" />
                <line number="115" hits="1" branch="false" />
              </lines>
            </method>
            <method name="Get" signature="()" line-rate="1" branch-rate="1" complexity="1">
              <lines>
                <line number="50" hits="1" branch="false" />
                <line number="51" hits="1" branch="false" />
                <line number="52" hits="1" branch="false" />
                <line number="53" hits="1" branch="false" />
                <line number="54" hits="1" branch="false" />
                <line number="55" hits="1" branch="false" />
              </lines>
            </method>
            <method name="GetById" signature="()" line-rate="1" branch-rate="1" complexity="2">
              <lines>
                <line number="59" hits="2" branch="false" />
                <line number="60" hits="2" branch="false" />
                <line number="61" hits="2" branch="true" condition-coverage="100% (2/2)" />
                <line number="62" hits="2" branch="false" />
              </lines>
            </method>
            <method name="Patch" signature="()" line-rate="1" branch-rate="1" complexity="1">
              <lines>
                <line number="105" hits="2" branch="false" />
                <line number="106" hits="2" branch="false" />
                <line number="107" hits="2" branch="false" />
                <line number="108" hits="2" branch="false" />
              </lines>
            </method>
          </methods>
          <lines>
            <line number="24" hits="18" branch="false" />
            <line number="25" hits="18" branch="false" />
            <line number="26" hits="18" branch="false" />
            <line number="27" hits="18" branch="false" />
            <line number="28" hits="18" branch="false" />
            <line number="29" hits="18" branch="false" />
            <line number="30" hits="18" branch="false" />
            <line number="31" hits="18" branch="false" />
            <line number="32" hits="18" branch="false" />
            <line number="33" hits="18" branch="false" />
            <line number="34" hits="18" branch="false" />
            <line number="35" hits="18" branch="false" />
            <line number="36" hits="18" branch="false" />
            <line number="37" hits="18" branch="false" />
            <line number="38" hits="18" branch="false" />
            <line number="39" hits="18" branch="false" />
            <line number="40" hits="18" branch="false" />
            <line number="50" hits="1" branch="false" />
            <line number="51" hits="1" branch="false" />
            <line number="52" hits="1" branch="false" />
            <line number="53" hits="1" branch="false" />
            <line number="54" hits="1" branch="false" />
            <line number="55" hits="1" branch="false" />
            <line number="59" hits="2" branch="false" />
            <line number="60" hits="2" branch="false" />
            <line number="61" hits="2" branch="true" condition-coverage="100% (2/2)" />
            <line number="62" hits="2" branch="false" />
            <line number="66" hits="10" branch="false" />
            <line number="67" hits="10" branch="false" />
            <line number="68" hits="10" branch="false" />
            <line number="69" hits="10" branch="false" />
            <line number="70" hits="9" branch="false" />
            <line number="71" hits="9" branch="false" />
            <line number="72" hits="9" branch="false" />
            <line number="73" hits="2" branch="false" />
            <line number="74" hits="2" branch="false" />
            <line number="75" hits="2" branch="false" />
            <line number="76" hits="10" branch="false" />
            <line number="77" hits="10" branch="false" />
            <line number="78" hits="7" branch="false" />
            <line number="79" hits="9" branch="false" />
            <line number="80" hits="10" branch="false" />
            <line number="81" hits="10" branch="false" />
            <line number="85" hits="2" branch="false" />
            <line number="86" hits="2" branch="false" />
            <line number="87" hits="2" branch="false" />
            <line number="88" hits="2" branch="false" />
            <line number="89" hits="2" branch="false" />
            <line number="90" hits="2" branch="false" />
            <line number="91" hits="2" branch="false" />
            <line number="92" hits="2" branch="false" />
            <line number="93" hits="1" branch="false" />
            <line number="94" hits="1" branch="false" />
            <line number="95" hits="1" branch="false" />
            <line number="96" hits="2" branch="false" />
            <line number="97" hits="2" branch="false" />
            <line number="98" hits="1" branch="false" />
            <line number="99" hits="2" branch="false" />
            <line number="100" hits="2" branch="false" />
            <line number="101" hits="2" branch="false" />
            <line number="105" hits="2" branch="false" />
            <line number="106" hits="2" branch="false" />
            <line number="107" hits="2" branch="false" />
            <line number="108" hits="2" branch="false" />
            <line number="112" hits="1" branch="false" />
            <line number="113" hits="1" branch="false" />
            <line number="114" hits="1" branch="false" />
            <line number="115" hits="1" branch="false" />
          </lines>
        </class>
        <class name="MundialCorporativo.Api.Controllers.PlayersController" filename="C:\Users\Hilmer Campos\source\repos\pruebita8\MundialCorporativo.Api\Controllers\PlayersController.cs" line-rate="1" branch-rate="1" complexity="8">
          <methods>
            <method name="Create" signature="(...)" line-rate="1" branch-rate="1" complexity="1">
              <lines>
                <line number="58" hits="7" branch="false" />
                <line number="59" hits="7" branch="false" />
                <line number="60" hits="7" branch="false" />
                <line number="61" hits="7" branch="false" />
                <line number="62" hits="6" branch="false" />
                <line number="63" hits="6" branch="false" />
                <line number="64" hits="6" branch="false" />
                <line number="65" hits="1" branch="false" />
                <line number="66" hits="1" branch="false" />
                <line number="67" hits="1" branch="false" />
                <line number="68" hits="7" branch="false" />
                <line number="69" hits="7" branch="false" />
                <line number="70" hits="5" branch="false" />
                <line number="71" hits="6" branch="false" />
                <line number="72" hits="7" branch="false" />
                <line number="73" hits="7" branch="false" />
              </lines>
            </method>
            <method name=".ctor" signature="(...)" line-rate="1" branch-rate="1" complexity="1">
              <lines>
                <line number="24" hits="13" branch="false" />
                <line number="25" hits="13" branch="false" />
                <line number="26" hits="13" branch="false" />
                <line number="27" hits="13" branch="false" />
                <line number="28" hits="13" branch="false" />
                <line number="29" hits="13" branch="false" />
                <line number="30" hits="13" branch="false" />
                <line number="31" hits="13" branch="false" />
                <line number="32" hits="13" branch="false" />
                <line number="33" hits="13" branch="false" />
                <line number="34" hits="13" branch="false" />
                <line number="35" hits="13" branch="false" />
                <line number="36" hits="13" branch="false" />
                <line number="37" hits="13" branch="false" />
                <line number="38" hits="13" branch="false" />
                <line number="39" hits="13" branch="false" />
                <line number="40" hits="13" branch="false" />
              </lines>
            </method>
            <method name="Delete" signature="()" line-rate="1" branch-rate="1" complexity="1">
              <lines>
                <line number="91" hits="1" branch="false" />
                <line number="92" hits="1" branch="false" />
                <line number="93" hits="1" branch="false" />
                <line number="94" hits="1" branch="false" />
              </lines>
            </method>
            <method name="Get" signature="()" line-rate="1" branch-rate="1" complexity="1">
              <lines>
                <line number="44" hits="1" branch="false" />
                <line number="45" hits="1" branch="false" />
                <line number="46" hits="1" branch="false" />
                <line number="47" hits="1" branch="false" />
              </lines>
            </method>
            <method name="GetById" signature="()" line-rate="1" branch-rate="1" complexity="2">
              <lines>
                <line number="51" hits="2" branch="false" />
                <line number="52" hits="2" branch="false" />
                <line number="53" hits="2" branch="true" condition-coverage="100% (2/2)" />
                <line number="54" hits="2" branch="false" />
              </lines>
            </method>
            <method name="Patch" signature="()" line-rate="1" branch-rate="1" complexity="1">
              <lines>
                <line number="84" hits="1" branch="false" />
                <line number="85" hits="1" branch="false" />
                <line number="86" hits="1" branch="false" />
                <line number="87" hits="1" branch="false" />
              </lines>
            </method>
            <method name="Put" signature="()" line-rate="1" branch-rate="1" complexity="1">
              <lines>
                <line number="77" hits="1" branch="false" />
                <line number="78" hits="1" branch="false" />
                <line number="79" hits="1" branch="false" />
                <line number="80" hits="1" branch="false" />
              </lines>
            </method>
          </methods>
          <lines>
            <line number="24" hits="13" branch="false" />
            <line number="25" hits="13" branch="false" />
            <line number="26" hits="13" branch="false" />
            <line number="27" hits="13" branch="false" />
            <line number="28" hits="13" branch="false" />
            <line number="29" hits="13" branch="false" />
            <line number="30" hits="13" branch="false" />
            <line number="31" hits="13" branch="false" />
            <line number="32" hits="13" branch="false" />
            <line number="33" hits="13" branch="false" />
            <line number="34" hits="13" branch="false" />
            <line number="35" hits="13" branch="false" />
            <line number="36" hits="13" branch="false" />
            <line number="37" hits="13" branch="false" />
            <line number="38" hits="13" branch="false" />
            <line number="39" hits="13" branch="false" />
            <line number="40" hits="13" branch="false" />
            <line number="44" hits="1" branch="false" />
            <line number="45" hits="1" branch="false" />
            <line number="46" hits="1" branch="false" />
            <line number="47" hits="1" branch="false" />
            <line number="51" hits="2" branch="false" />
            <line number="52" hits="2" branch="false" />
            <line number="53" hits="2" branch="true" condition-coverage="100% (2/2)" />
            <line number="54" hits="2" branch="false" />
            <line number="58" hits="7" branch="false" />
            <line number="59" hits="7" branch="false" />
            <line number="60" hits="7" branch="false" />
            <line number="61" hits="7" branch="false" />
            <line number="62" hits="6" branch="false" />
            <line number="63" hits="6" branch="false" />
            <line number="64" hits="6" branch="false" />
            <line number="65" hits="1" branch="false" />
            <line number="66" hits="1" branch="false" />
            <line number="67" hits="1" branch="false" />
            <line number="68" hits="7" branch="false" />
            <line number="69" hits="7" branch="false" />
            <line number="70" hits="5" branch="false" />
            <line number="71" hits="6" branch="false" />
            <line number="72" hits="7" branch="false" />
            <line number="73" hits="7" branch="false" />
            <line number="77" hits="1" branch="false" />
            <line number="78" hits="1" branch="false" />
            <line number="79" hits="1" branch="false" />
            <line number="80" hits="1" branch="false" />
            <line number="84" hits="1" branch="false" />
            <line number="85" hits="1" branch="false" />
            <line number="86" hits="1" branch="false" />
            <line number="87" hits="1" branch="false" />
            <line number="91" hits="1" branch="false" />
            <line number="92" hits="1" branch="false" />
            <line number="93" hits="1" branch="false" />
            <line number="94" hits="1" branch="false" />
          </lines>
        </class>
        <class name="MundialCorporativo.Api.Controllers.StandingsController" filename="C:\Users\Hilmer Campos\source\repos\pruebita8\MundialCorporativo.Api\Controllers\StandingsController.cs" line-rate="1" branch-rate="1" complexity="3">
          <methods>
            <method name=".ctor" signature="(...)" line-rate="1" branch-rate="1" complexity="1">
              <lines>
                <line number="17" hits="4" branch="false" />
                <line number="18" hits="4" branch="false" />
                <line number="19" hits="4" branch="false" />
                <line number="20" hits="4" branch="false" />
                <line number="21" hits="4" branch="false" />
                <line number="22" hits="4" branch="false" />
                <line number="23" hits="4" branch="false" />
              </lines>
            </method>
            <method name="Get" signature="()" line-rate="1" branch-rate="1" complexity="1">
              <lines>
                <line number="27" hits="2" branch="false" />
                <line number="28" hits="2" branch="false" />
                <line number="29" hits="2" branch="false" />
                <line number="30" hits="2" branch="false" />
              </lines>
            </method>
            <method name="TopScorers" signature="()" line-rate="1" branch-rate="1" complexity="1">
              <lines>
                <line number="34" hits="2" branch="false" />
                <line number="35" hits="2" branch="false" />
                <line number="36" hits="2" branch="false" />
                <line number="37" hits="2" branch="false" />
              </lines>
            </method>
          </methods>
          <lines>
            <line number="17" hits="4" branch="false" />
            <line number="18" hits="4" branch="false" />
            <line number="19" hits="4" branch="false" />
            <line number="20" hits="4" branch="false" />
            <line number="21" hits="4" branch="false" />
            <line number="22" hits="4" branch="false" />
            <line number="23" hits="4" branch="false" />
            <line number="27" hits="2" branch="false" />
            <line number="28" hits="2" branch="false" />
            <line number="29" hits="2" branch="false" />
            <line number="30" hits="2" branch="false" />
            <line number="34" hits="2" branch="false" />
            <line number="35" hits="2" branch="false" />
            <line number="36" hits="2" branch="false" />
            <line number="37" hits="2" branch="false" />
          </lines>
        </class>
        <class name="MundialCorporativo.Api.Controllers.TeamsController" filename="C:\Users\Hilmer Campos\source\repos\pruebita8\MundialCorporativo.Api\Controllers\TeamsController.cs" line-rate="0.925925925925926" branch-rate="1" complexity="8">
          <methods>
            <method name="Create" signature="(...)" line-rate="0.764705882352941" branch-rate="1" complexity="1">
              <lines>
                <line number="64" hits="31" branch="false" />
                <line number="65" hits="31" branch="false" />
                <line number="66" hits="31" branch="false" />
                <line number="67" hits="31" branch="false" />
                <line number="68" hits="29" branch="false" />
                <line number="69" hits="29" branch="false" />
                <line number="70" hits="29" branch="false" />
                <line number="71" hits="0" branch="false" />
                <line number="72" hits="0" branch="false" />
                <line number="73" hits="0" branch="false" />
                <line number="74" hits="0" branch="false" />
                <line number="75" hits="31" branch="false" />
                <line number="76" hits="31" branch="false" />
                <line number="77" hits="29" branch="false" />
                <line number="78" hits="29" branch="false" />
                <line number="79" hits="31" branch="false" />
                <line number="80" hits="31" branch="false" />
              </lines>
            </method>
            <method name=".ctor" signature="(...)" line-rate="1" branch-rate="1" complexity="1">
              <lines>
                <line number="24" hits="38" branch="false" />
                <line number="25" hits="38" branch="false" />
                <line number="26" hits="38" branch="false" />
                <line number="27" hits="38" branch="false" />
                <line number="28" hits="38" branch="false" />
                <line number="29" hits="38" branch="false" />
                <line number="30" hits="38" branch="false" />
                <line number="31" hits="38" branch="false" />
                <line number="32" hits="38" branch="false" />
                <line number="33" hits="38" branch="false" />
                <line number="34" hits="38" branch="false" />
                <line number="35" hits="38" branch="false" />
                <line number="36" hits="38" branch="false" />
                <line number="37" hits="38" branch="false" />
                <line number="38" hits="38" branch="false" />
                <line number="39" hits="38" branch="false" />
                <line number="40" hits="38" branch="false" />
              </lines>
            </method>
            <method name="Delete" signature="()" line-rate="1" branch-rate="1" complexity="1">
              <lines>
                <line number="105" hits="1" branch="false" />
                <line number="106" hits="1" branch="false" />
                <line number="107" hits="1" branch="false" />
                <line number="108" hits="1" branch="false" />
              </lines>
            </method>
            <method name="Get" signature="()" line-rate="1" branch-rate="1" complexity="1">
              <lines>
                <line number="45" hits="1" branch="false" />
                <line number="46" hits="1" branch="false" />
                <line number="47" hits="1" branch="false" />
                <line number="48" hits="1" branch="false" />
              </lines>
            </method>
            <method name="GetById" signature="()" line-rate="1" branch-rate="1" complexity="2">
              <lines>
                <line number="54" hits="2" branch="false" />
                <line number="55" hits="2" branch="false" />
                <line number="56" hits="2" branch="true" condition-coverage="100% (2/2)" />
                <line number="57" hits="2" branch="false" />
              </lines>
            </method>
            <method name="Patch" signature="()" line-rate="1" branch-rate="1" complexity="1">
              <lines>
                <line number="97" hits="1" branch="false" />
                <line number="98" hits="1" branch="false" />
                <line number="99" hits="1" branch="false" />
                <line number="100" hits="1" branch="false" />
              </lines>
            </method>
            <method name="Put" signature="()" line-rate="1" branch-rate="1" complexity="1">
              <lines>
                <line number="87" hits="2" branch="false" />
                <line number="88" hits="2" branch="false" />
                <line number="89" hits="2" branch="false" />
                <line number="90" hits="2" branch="false" />
              </lines>
            </method>
          </methods>
          <lines>
            <line number="24" hits="38" branch="false" />
            <line number="25" hits="38" branch="false" />
            <line number="26" hits="38" branch="false" />
            <line number="27" hits="38" branch="false" />
            <line number="28" hits="38" branch="false" />
            <line number="29" hits="38" branch="false" />
            <line number="30" hits="38" branch="false" />
            <line number="31" hits="38" branch="false" />
            <line number="32" hits="38" branch="false" />
            <line number="33" hits="38" branch="false" />
            <line number="34" hits="38" branch="false" />
            <line number="35" hits="38" branch="false" />
            <line number="36" hits="38" branch="false" />
            <line number="37" hits="38" branch="false" />
            <line number="38" hits="38" branch="false" />
            <line number="39" hits="38" branch="false" />
            <line number="40" hits="38" branch="false" />
            <line number="45" hits="1" branch="false" />
            <line number="46" hits="1" branch="false" />
            <line number="47" hits="1" branch="false" />
            <line number="48" hits="1" branch="false" />
            <line number="54" hits="2" branch="false" />
            <line number="55" hits="2" branch="false" />
            <line number="56" hits="2" branch="true" condition-coverage="100% (2/2)" />
            <line number="57" hits="2" branch="false" />
            <line number="64" hits="31" branch="false" />
            <line number="65" hits="31" branch="false" />
            <line number="66" hits="31" branch="false" />
            <line number="67" hits="31" branch="false" />
            <line number="68" hits="29" branch="false" />
            <line number="69" hits="29" branch="false" />
            <line number="70" hits="29" branch="false" />
            <line number="71" hits="0" branch="false" />
            <line number="72" hits="0" branch="false" />
            <line number="73" hits="0" branch="false" />
            <line number="74" hits="0" branch="false" />
            <line number="75" hits="31" branch="false" />
            <line number="76" hits="31" branch="false" />
            <line number="77" hits="29" branch="false" />
            <line number="78" hits="29" branch="false" />
            <line number="79" hits="31" branch="false" />
            <line number="80" hits="31" branch="false" />
            <line number="87" hits="2" branch="false" />
            <line number="88" hits="2" branch="false" />
            <line number="89" hits="2" branch="false" />
            <line number="90" hits="2" branch="false" />
            <line number="97" hits="1" branch="false" />
            <line number="98" hits="1" branch="false" />
            <line number="99" hits="1" branch="false" />
            <line number="100" hits="1" branch="false" />
            <line number="105" hits="1" branch="false" />
            <line number="106" hits="1" branch="false" />
            <line number="107" hits="1" branch="false" />
            <line number="108" hits="1" branch="false" />
          </lines>
        </class>
        <class name="MundialCorporativo.Api.DependencyInjection.ApplicationHandlersRegistration" filename="C:\Users\Hilmer Campos\source\repos\pruebita8\MundialCorporativo.Api\DependencyInjection\ApplicationHandlersRegistration.cs" line-rate="1" branch-rate="1" complexity="1">
          <methods>
            <method name="AddApplicationHandlers" signature="(...)" line-rate="1" branch-rate="1" complexity="1">
              <lines>
                <line number="14" hits="4" branch="false" />
                <line number="15" hits="4" branch="false" />
                <line number="16" hits="4" branch="false" />
                <line number="17" hits="4" branch="false" />
                <line number="18" hits="4" branch="false" />
                <line number="19" hits="4" branch="false" />
                <line number="21" hits="4" branch="false" />
                <line number="22" hits="4" branch="false" />
                <line number="23" hits="4" branch="false" />
                <line number="25" hits="4" branch="false" />
                <line number="26" hits="4" branch="false" />
                <line number="27" hits="4" branch="false" />
                <line number="28" hits="4" branch="false" />
                <line number="29" hits="4" branch="false" />
                <line number="31" hits="4" branch="false" />
                <line number="32" hits="4" branch="false" />
                <line number="33" hits="4" branch="false" />
                <line number="35" hits="4" branch="false" />
                <line number="36" hits="4" branch="false" />
                <line number="37" hits="4" branch="false" />
                <line number="38" hits="4" branch="false" />
                <line number="39" hits="4" branch="false" />
                <line number="41" hits="4" branch="false" />
                <line number="42" hits="4" branch="false" />
                <line number="43" hits="4" branch="false" />
                <line number="45" hits="4" branch="false" />
                <line number="46" hits="4" branch="false" />
                <line number="47" hits="4" branch="false" />
                <line number="49" hits="4" branch="false" />
                <line number="50" hits="4" branch="false" />
              </lines>
            </method>
          </methods>
          <lines>
            <line number="14" hits="4" branch="false" />
            <line number="15" hits="4" branch="false" />
            <line number="16" hits="4" branch="false" />
            <line number="17" hits="4" branch="false" />
            <line number="18" hits="4" branch="false" />
            <line number="19" hits="4" branch="false" />
            <line number="21" hits="4" branch="false" />
            <line number="22" hits="4" branch="false" />
            <line number="23" hits="4" branch="false" />
            <line number="25" hits="4" branch="false" />
            <line number="26" hits="4" branch="false" />
            <line number="27" hits="4" branch="false" />
            <line number="28" hits="4" branch="false" />
            <line number="29" hits="4" branch="false" />
            <line number="31" hits="4" branch="false" />
            <line number="32" hits="4" branch="false" />
            <line number="33" hits="4" branch="false" />
            <line number="35" hits="4" branch="false" />
            <line number="36" hits="4" branch="false" />
            <line number="37" hits="4" branch="false" />
            <line number="38" hits="4" branch="false" />
            <line number="39" hits="4" branch="false" />
            <line number="41" hits="4" branch="false" />
            <line number="42" hits="4" branch="false" />
            <line number="43" hits="4" branch="false" />
            <line number="45" hits="4" branch="false" />
            <line number="46" hits="4" branch="false" />
            <line number="47" hits="4" branch="false" />
            <line number="49" hits="4" branch="false" />
            <line number="50" hits="4" branch="false" />
          </lines>
        </class>
        <class name="MundialCorporativo.Api.Middleware.CorrelationMiddleware" filename="C:\Users\Hilmer Campos\source\repos\pruebita8\MundialCorporativo.Api\Middleware\CorrelationMiddleware.cs" line-rate="0.827586206896552" branch-rate="1" complexity="3">
          <methods>
            <method name=".ctor" signature="(...)" line-rate="1" branch-rate="1" complexity="1">
              <lines>
                <line number="13" hits="7" branch="false" />
                <line number="14" hits="7" branch="false" />
                <line number="15" hits="7" branch="false" />
                <line number="16" hits="7" branch="false" />
                <line number="17" hits="7" branch="false" />
              </lines>
            </method>
            <method name="Invoke" signature="()" line-rate="0.791666666666667" branch-rate="1" complexity="2">
              <lines>
                <line number="20" hits="76" branch="false" />
                <line number="21" hits="76" branch="true" condition-coverage="100% (2/2)" />
                <line number="22" hits="76" branch="false" />
                <line number="23" hits="76" branch="false" />
                <line number="25" hits="76" branch="false" />
                <line number="26" hits="76" branch="false" />
                <line number="28" hits="76" branch="false" />
                <line number="30" hits="76" branch="false" />
                <line number="31" hits="76" branch="false" />
                <line number="32" hits="76" branch="false" />
                <line number="34" hits="76" branch="false" />
                <line number="35" hits="76" branch="false" />
                <line number="36" hits="76" branch="false" />
                <line number="37" hits="76" branch="false" />
                <line number="38" hits="76" branch="false" />
                <line number="39" hits="76" branch="false" />
                <line number="40" hits="76" branch="false" />
                <line number="41" hits="76" branch="false" />
                <line number="42" hits="0" branch="false" />
                <line number="43" hits="0" branch="false" />
                <line number="44" hits="0" branch="false" />
                <line number="45" hits="0" branch="false" />
                <line number="46" hits="0" branch="false" />
                <line number="48" hits="76" branch="false" />
              </lines>
            </method>
          </methods>
          <lines>
            <line number="13" hits="7" branch="false" />
            <line number="14" hits="7" branch="false" />
            <line number="15" hits="7" branch="false" />
            <line number="16" hits="7" branch="false" />
            <line number="17" hits="7" branch="false" />
            <line number="20" hits="76" branch="false" />
            <line number="21" hits="76" branch="true" condition-coverage="100% (2/2)" />
            <line number="22" hits="76" branch="false" />
            <line number="23" hits="76" branch="false" />
            <line number="25" hits="76" branch="false" />
            <line number="26" hits="76" branch="false" />
            <line number="28" hits="76" branch="false" />
            <line number="30" hits="76" branch="false" />
            <line number="31" hits="76" branch="false" />
            <line number="32" hits="76" branch="false" />
            <line number="34" hits="76" branch="false" />
            <line number="35" hits="76" branch="false" />
            <line number="36" hits="76" branch="false" />
            <line number="37" hits="76" branch="false" />
            <line number="38" hits="76" branch="false" />
            <line number="39" hits="76" branch="false" />
            <line number="40" hits="76" branch="false" />
            <line number="41" hits="76" branch="false" />
            <line number="42" hits="0" branch="false" />
            <line number="43" hits="0" branch="false" />
            <line number="44" hits="0" branch="false" />
            <line number="45" hits="0" branch="false" />
            <line number="46" hits="0" branch="false" />
            <line number="48" hits="76" branch="false" />
          </lines>
        </class>
        <class name="MundialCorporativo.Api.Observability.HttpTraceContext" filename="C:\Users\Hilmer Campos\source\repos\pruebita8\MundialCorporativo.Api\Observability\HttpTraceContext.cs" line-rate="1" branch-rate="0.5" complexity="5">
          <methods>
            <method name="get_TraceId" signature="()" line-rate="1" branch-rate="0.5" complexity="4">
              <lines>
                <line number="14" hits="30" branch="true" condition-coverage="50% (2/4)" />
              </lines>
            </method>
            <method name=".ctor" signature="(...)" line-rate="1" branch-rate="1" complexity="1">
              <lines>
                <line number="9" hits="56" branch="false" />
                <line number="10" hits="56" branch="false" />
                <line number="11" hits="56" branch="false" />
                <line number="12" hits="56" branch="false" />
              </lines>
            </method>
          </methods>
          <lines>
            <line number="9" hits="56" branch="false" />
            <line number="10" hits="56" branch="false" />
            <line number="11" hits="56" branch="false" />
            <line number="12" hits="56" branch="false" />
            <line number="14" hits="30" branch="true" condition-coverage="50% (2/4)" />
          </lines>
        </class>
        <class name="Program" filename="C:\Users\Hilmer Campos\source\repos\pruebita8\MundialCorporativo.Api\Program.cs" line-rate="0.84375" branch-rate="0.5" complexity="4">
          <methods>
            <method name="&lt;Main&gt;$" signature="()" line-rate="0.84375" branch-rate="0.5" complexity="4">
              <lines>
                <line number="10" hits="4" branch="false" />
                <line number="12" hits="4" branch="false" />
                <line number="13" hits="4" branch="false" />
                <line number="14" hits="4" branch="false" />
                <line number="15" hits="4" branch="false" />
                <line number="16" hits="8" branch="false" />
                <line number="18" hits="4" branch="false" />
                <line number="19" hits="4" branch="false" />
                <line number="20" hits="4" branch="false" />
                <line number="21" hits="4" branch="false" />
                <line number="22" hits="4" branch="false" />
                <line number="24" hits="4" branch="false" />
                <line number="25" hits="4" branch="false" />
                <line number="26" hits="4" branch="false" />
                <line number="28" hits="4" branch="false" />
                <line number="30" hits="4" branch="false" />
                <line number="31" hits="4" branch="false" />
                <line number="32" hits="4" branch="false" />
                <line number="33" hits="4" branch="true" condition-coverage="50% (1/2)" />
                <line number="34" hits="0" branch="false" />
                <line number="36" hits="4" branch="false" />
                <line number="37" hits="4" branch="false" />
                <line number="39" hits="4" branch="true" condition-coverage="50% (1/2)" />
                <line number="40" hits="0" branch="false" />
                <line number="41" hits="0" branch="false" />
                <line number="42" hits="0" branch="false" />
                <line number="43" hits="0" branch="false" />
                <line number="45" hits="4" branch="false" />
                <line number="46" hits="4" branch="false" />
                <line number="48" hits="4" branch="false" />
                <line number="49" hits="4" branch="false" />
                <line number="51" hits="4" branch="false" />
              </lines>
            </method>
          </methods>
          <lines>
            <line number="10" hits="4" branch="false" />
            <line number="12" hits="4" branch="false" />
            <line number="13" hits="4" branch="false" />
            <line number="14" hits="4" branch="false" />
            <line number="15" hits="4" branch="false" />
            <line number="16" hits="8" branch="false" />
            <line number="18" hits="4" branch="false" />
            <line number="19" hits="4" branch="false" />
            <line number="20" hits="4" branch="false" />
            <line number="21" hits="4" branch="false" />
            <line number="22" hits="4" branch="false" />
            <line number="24" hits="4" branch="false" />
            <line number="25" hits="4" branch="false" />
            <line number="26" hits="4" branch="false" />
            <line number="28" hits="4" branch="false" />
            <line number="30" hits="4" branch="false" />
            <line number="31" hits="4" branch="false" />
            <line number="32" hits="4" branch="false" />
            <line number="33" hits="4" branch="true" condition-coverage="50% (1/2)" />
            <line number="34" hits="0" branch="false" />
            <line number="36" hits="4" branch="false" />
            <line number="37" hits="4" branch="false" />
            <line number="39" hits="4" branch="true" condition-coverage="50% (1/2)" />
            <line number="40" hits="0" branch="false" />
            <line number="41" hits="0" branch="false" />
            <line number="42" hits="0" branch="false" />
            <line number="43" hits="0" branch="false" />
            <line number="45" hits="4" branch="false" />
            <line number="46" hits="4" branch="false" />
            <line number="48" hits="4" branch="false" />
            <line number="49" hits="4" branch="false" />
            <line number="51" hits="4" branch="false" />
          </lines>
        </class>
      </classes>
    </package>
    <package name="MundialCorporativo.Api.Tests" line-rate="0.99609375" branch-rate="0.625" complexity="88">
      <classes>
        <class name="AutoGeneratedProgram" filename="C:\Users\Hilmer Campos\.nuget\packages\microsoft.net.test.sdk\17.1.0\build\netcoreapp2.1\Microsoft.NET.Test.Sdk.Program.cs" line-rate="0" branch-rate="1" complexity="1">
          <methods>
            <method name="Main" signature="(...)" line-rate="0" branch-rate="1" complexity="1">
              <lines>
                <line number="4" hits="0" branch="false" />
              </lines>
            </method>
          </methods>
          <lines>
            <line number="4" hits="0" branch="false" />
          </lines>
        </class>
        <class name="MundialCorporativo.Api.Tests.Common.ApiResultMapperTests" filename="C:\Users\Hilmer Campos\source\repos\pruebita8\Tests\MundialCorporativo.Api.Tests\Common\ApiResultMapperTests.cs" line-rate="1" branch-rate="1" complexity="6">
          <methods>
            <method name="Controller" signature="()" line-rate="1" branch-rate="1" complexity="1">
              <lines>
                <line number="11" hits="5" branch="false" />
                <line number="12" hits="5" branch="false" />
                <line number="13" hits="5" branch="false" />
                <line number="14" hits="5" branch="false" />
                <line number="15" hits="5" branch="false" />
                <line number="16" hits="5" branch="false" />
                <line number="17" hits="5" branch="false" />
                <line number="18" hits="5" branch="false" />
              </lines>
            </method>
            <method name="Success_ReturnsOk200" signature="()" line-rate="1" branch-rate="1" complexity="1">
              <lines>
                <line number="22" hits="1" branch="false" />
                <line number="23" hits="1" branch="false" />
                <line number="25" hits="1" branch="false" />
                <line number="26" hits="1" branch="false" />
                <line number="27" hits="1" branch="false" />
              </lines>
            </method>
            <method name="ValidationFailure_ReturnsBadRequest" signature="()" line-rate="1" branch-rate="1" complexity="1">
              <lines>
                <line number="31" hits="1" branch="false" />
                <line number="32" hits="1" branch="false" />
                <line number="34" hits="1" branch="false" />
                <line number="35" hits="1" branch="false" />
                <line number="36" hits="1" branch="false" />
              </lines>
            </method>
            <method name="NotFoundFailure_ReturnsNotFound" signature="()" line-rate="1" branch-rate="1" complexity="1">
              <lines>
                <line number="40" hits="1" branch="false" />
                <line number="41" hits="1" branch="false" />
                <line number="43" hits="1" branch="false" />
                <line number="44" hits="1" branch="false" />
                <line number="45" hits="1" branch="false" />
              </lines>
            </method>
            <method name="ConflictFailure_ReturnsConflict" signature="()" line-rate="1" branch-rate="1" complexity="1">
              <lines>
                <line number="49" hits="1" branch="false" />
                <line number="50" hits="1" branch="false" />
                <line number="52" hits="1" branch="false" />
                <line number="53" hits="1" branch="false" />
                <line number="54" hits="1" branch="false" />
              </lines>
            </method>
            <method name="UnknownErrorCode_ReturnsBadRequest" signature="()" line-rate="1" branch-rate="1" complexity="1">
              <lines>
                <line number="58" hits="1" branch="false" />
                <line number="59" hits="1" branch="false" />
                <line number="61" hits="1" branch="false" />
                <line number="62" hits="1" branch="false" />
                <line number="63" hits="1" branch="false" />
              </lines>
            </method>
          </methods>
          <lines>
            <line number="11" hits="5" branch="false" />
            <line number="12" hits="5" branch="false" />
            <line number="13" hits="5" branch="false" />
            <line number="14" hits="5" branch="false" />
            <line number="15" hits="5" branch="false" />
            <line number="16" hits="5" branch="false" />
            <line number="17" hits="5" branch="false" />
            <line number="18" hits="5" branch="false" />
            <line number="22" hits="1" branch="false" />
            <line number="23" hits="1" branch="false" />
            <line number="25" hits="1" branch="false" />
            <line number="26" hits="1" branch="false" />
            <line number="27" hits="1" branch="false" />
            <line number="31" hits="1" branch="false" />
            <line number="32" hits="1" branch="false" />
            <line number="34" hits="1" branch="false" />
            <line number="35" hits="1" branch="false" />
            <line number="36" hits="1" branch="false" />
            <line number="40" hits="1" branch="false" />
            <line number="41" hits="1" branch="false" />
            <line number="43" hits="1" branch="false" />
            <line number="44" hits="1" branch="false" />
            <line number="45" hits="1" branch="false" />
            <line number="49" hits="1" branch="false" />
            <line number="50" hits="1" branch="false" />
            <line number="52" hits="1" branch="false" />
            <line number="53" hits="1" branch="false" />
            <line number="54" hits="1" branch="false" />
            <line number="58" hits="1" branch="false" />
            <line number="59" hits="1" branch="false" />
            <line number="61" hits="1" branch="false" />
            <line number="62" hits="1" branch="false" />
            <line number="63" hits="1" branch="false" />
          </lines>
        </class>
        <class name="MundialCorporativo.Api.Tests.Common.IdempotentControllerBaseTests" filename="C:\Users\Hilmer Campos\source\repos\pruebita8\Tests\MundialCorporativo.Api.Tests\Common\ContractsTests.cs" line-rate="1" branch-rate="1" complexity="5">
          <methods>
            <method name="PaginationRequest_DefaultValues_AreCorrect" signature="()" line-rate="1" branch-rate="1" complexity="1">
              <lines>
                <line number="12" hits="1" branch="false" />
                <line number="13" hits="1" branch="false" />
                <line number="15" hits="1" branch="false" />
                <line number="16" hits="1" branch="false" />
                <line number="17" hits="1" branch="false" />
                <line number="18" hits="1" branch="false" />
                <line number="19" hits="1" branch="false" />
              </lines>
            </method>
            <method name="TeamCreateRequest_SetsName" signature="()" line-rate="1" branch-rate="1" complexity="1">
              <lines>
                <line number="23" hits="1" branch="false" />
                <line number="24" hits="1" branch="false" />
                <line number="26" hits="1" branch="false" />
                <line number="27" hits="1" branch="false" />
              </lines>
            </method>
            <method name="PlayerCreateRequest_SetsProperties" signature="()" line-rate="1" branch-rate="1" complexity="1">
              <lines>
                <line number="31" hits="1" branch="false" />
                <line number="32" hits="1" branch="false" />
                <line number="34" hits="1" branch="false" />
                <line number="35" hits="1" branch="false" />
                <line number="36" hits="1" branch="false" />
              </lines>
            </method>
            <method name="MatchCreateRequest_SetsProperties" signature="()" line-rate="1" branch-rate="1" complexity="1">
              <lines>
                <line number="40" hits="1" branch="false" />
                <line number="41" hits="1" branch="false" />
                <line number="42" hits="1" branch="false" />
                <line number="43" hits="1" branch="false" />
                <line number="45" hits="1" branch="false" />
                <line number="47" hits="1" branch="false" />
                <line number="48" hits="1" branch="false" />
                <line number="49" hits="1" branch="false" />
                <line number="50" hits="1" branch="false" />
              </lines>
            </method>
            <method name="RegisterMatchResultRequest_SetsScoresAndGoals" signature="()" line-rate="1" branch-rate="1" complexity="1">
              <lines>
                <line number="54" hits="1" branch="false" />
                <line number="55" hits="1" branch="false" />
                <line number="56" hits="1" branch="false" />
                <line number="58" hits="1" branch="false" />
                <line number="59" hits="1" branch="false" />
                <line number="60" hits="1" branch="false" />
                <line number="61" hits="1" branch="false" />
                <line number="62" hits="1" branch="false" />
                <line number="63" hits="1" branch="false" />
              </lines>
            </method>
          </methods>
          <lines>
            <line number="12" hits="1" branch="false" />
            <line number="13" hits="1" branch="false" />
            <line number="15" hits="1" branch="false" />
            <line number="16" hits="1" branch="false" />
            <line number="17" hits="1" branch="false" />
            <line number="18" hits="1" branch="false" />
            <line number="19" hits="1" branch="false" />
            <line number="23" hits="1" branch="false" />
            <line number="24" hits="1" branch="false" />
            <line number="26" hits="1" branch="false" />
            <line number="27" hits="1" branch="false" />
            <line number="31" hits="1" branch="false" />
            <line number="32" hits="1" branch="false" />
            <line number="34" hits="1" branch="false" />
            <line number="35" hits="1" branch="false" />
            <line number="36" hits="1" branch="false" />
            <line number="40" hits="1" branch="false" />
            <line number="41" hits="1" branch="false" />
            <line number="42" hits="1" branch="false" />
            <line number="43" hits="1" branch="false" />
            <line number="45" hits="1" branch="false" />
            <line number="47" hits="1" branch="false" />
            <line number="48" hits="1" branch="false" />
            <line number="49" hits="1" branch="false" />
            <line number="50" hits="1" branch="false" />
            <line number="54" hits="1" branch="false" />
            <line number="55" hits="1" branch="false" />
            <line number="56" hits="1" branch="false" />
            <line number="58" hits="1" branch="false" />
            <line number="59" hits="1" branch="false" />
            <line number="60" hits="1" branch="false" />
            <line number="61" hits="1" branch="false" />
            <line number="62" hits="1" branch="false" />
            <line number="63" hits="1" branch="false" />
          </lines>
        </class>
        <class name="MundialCorporativo.Api.Tests.Controllers.MatchesControllerTests" filename="C:\Users\Hilmer Campos\source\repos\pruebita8\Tests\MundialCorporativo.Api.Tests\Controllers\MatchesControllerTests.cs" line-rate="1" branch-rate="0.5" complexity="20">
          <methods>
            <method name="Json" signature="(...)" line-rate="1" branch-rate="1" complexity="1">
              <lines>
                <line number="188" hits="31" branch="false" />
              </lines>
            </method>
            <method name="PostWithKey" signature="(...)" line-rate="1" branch-rate="1" complexity="1">
              <lines>
                <line number="191" hits="28" branch="false" />
                <line number="192" hits="28" branch="false" />
                <line number="193" hits="28" branch="false" />
                <line number="194" hits="28" branch="false" />
                <line number="195" hits="28" branch="false" />
              </lines>
            </method>
            <method name=".ctor" signature="(...)" line-rate="1" branch-rate="1" complexity="1">
              <lines>
                <line number="12" hits="12" branch="false" />
                <line number="13" hits="12" branch="false" />
                <line number="14" hits="12" branch="false" />
                <line number="15" hits="12" branch="false" />
              </lines>
            </method>
            <method name="CreateMatchAsync" signature="()" line-rate="1" branch-rate="0.5" complexity="2">
              <lines>
                <line number="177" hits="7" branch="false" />
                <line number="178" hits="7" branch="false" />
                <line number="179" hits="7" branch="false" />
                <line number="180" hits="7" branch="false" />
                <line number="181" hits="7" branch="false" />
                <line number="182" hits="7" branch="true" condition-coverage="50% (1/2)" />
                <line number="183" hits="7" branch="false" />
                <line number="184" hits="7" branch="false" />
                <line number="185" hits="7" branch="false" />
              </lines>
            </method>
            <method name="CreateMatch_SameTeams_ReturnsBadRequest" signature="()" line-rate="1" branch-rate="1" complexity="1">
              <lines>
                <line number="57" hits="1" branch="false" />
                <line number="58" hits="1" branch="false" />
                <line number="59" hits="1" branch="false" />
                <line number="60" hits="1" branch="false" />
                <line number="61" hits="1" branch="false" />
                <line number="62" hits="1" branch="false" />
                <line number="63" hits="1" branch="false" />
                <line number="64" hits="1" branch="false" />
              </lines>
            </method>
            <method name="CreateMatch_TeamsNotFound_ReturnsNotFound" signature="()" line-rate="1" branch-rate="1" complexity="1">
              <lines>
                <line number="68" hits="1" branch="false" />
                <line number="69" hits="1" branch="false" />
                <line number="70" hits="1" branch="false" />
                <line number="71" hits="1" branch="false" />
                <line number="72" hits="1" branch="false" />
                <line number="73" hits="1" branch="false" />
                <line number="74" hits="1" branch="false" />
              </lines>
            </method>
            <method name="CreateMatch_WithValidKey_ReturnsCreated" signature="()" line-rate="1" branch-rate="1" complexity="1">
              <lines>
                <line number="78" hits="1" branch="false" />
                <line number="79" hits="1" branch="false" />
                <line number="80" hits="1" branch="false" />
                <line number="81" hits="1" branch="false" />
                <line number="82" hits="1" branch="false" />
                <line number="83" hits="1" branch="false" />
              </lines>
            </method>
            <method name="CreateMatch_WithoutIdempotencyKey_ReturnsBadRequest" signature="()" line-rate="1" branch-rate="1" complexity="1">
              <lines>
                <line number="48" hits="1" branch="false" />
                <line number="49" hits="1" branch="false" />
                <line number="50" hits="1" branch="false" />
                <line number="51" hits="1" branch="false" />
                <line number="52" hits="1" branch="false" />
                <line number="53" hits="1" branch="false" />
              </lines>
            </method>
            <method name="CreateTeamAsync" signature="()" line-rate="1" branch-rate="1" complexity="1">
              <lines>
                <line number="169" hits="1" branch="false" />
                <line number="170" hits="1" branch="false" />
                <line number="171" hits="1" branch="false" />
                <line number="172" hits="1" branch="false" />
                <line number="173" hits="1" branch="false" />
                <line number="174" hits="1" branch="false" />
              </lines>
            </method>
            <method name="CreateTeamIdAsync" signature="()" line-rate="1" branch-rate="1" complexity="1">
              <lines>
                <line number="160" hits="16" branch="false" />
                <line number="161" hits="16" branch="false" />
                <line number="162" hits="16" branch="false" />
                <line number="163" hits="16" branch="false" />
                <line number="164" hits="16" branch="false" />
                <line number="165" hits="16" branch="false" />
                <line number="166" hits="16" branch="false" />
              </lines>
            </method>
            <method name="CreateTwoTeamsAsync" signature="()" line-rate="1" branch-rate="1" complexity="1">
              <lines>
                <line number="153" hits="8" branch="false" />
                <line number="154" hits="8" branch="false" />
                <line number="155" hits="8" branch="false" />
                <line number="156" hits="8" branch="false" />
                <line number="157" hits="8" branch="false" />
              </lines>
            </method>
            <method name="DeleteMatch_ReturnsNoContent" signature="()" line-rate="1" branch-rate="1" complexity="1">
              <lines>
                <line number="142" hits="1" branch="false" />
                <line number="143" hits="1" branch="false" />
                <line number="144" hits="1" branch="false" />
                <line number="146" hits="1" branch="false" />
                <line number="147" hits="1" branch="false" />
                <line number="148" hits="1" branch="false" />
              </lines>
            </method>
            <method name="GetMatchById_AfterCreate_ReturnsOk" signature="()" line-rate="1" branch-rate="1" complexity="1">
              <lines>
                <line number="37" hits="1" branch="false" />
                <line number="38" hits="1" branch="false" />
                <line number="39" hits="1" branch="false" />
                <line number="40" hits="1" branch="false" />
                <line number="41" hits="1" branch="false" />
                <line number="42" hits="1" branch="false" />
              </lines>
            </method>
            <method name="GetMatchById_Unknown_ReturnsNotFound" signature="()" line-rate="1" branch-rate="1" complexity="1">
              <lines>
                <line number="30" hits="1" branch="false" />
                <line number="31" hits="1" branch="false" />
                <line number="32" hits="1" branch="false" />
                <line number="33" hits="1" branch="false" />
              </lines>
            </method>
            <method name="GetMatches_ReturnsOk" signature="()" line-rate="1" branch-rate="1" complexity="1">
              <lines>
                <line number="21" hits="1" branch="false" />
                <line number="22" hits="1" branch="false" />
                <line number="23" hits="1" branch="false" />
                <line number="24" hits="1" branch="false" />
              </lines>
            </method>
            <method name="PatchMatch_Cancel_ReturnsOk" signature="()" line-rate="1" branch-rate="1" complexity="1">
              <lines>
                <line number="129" hits="1" branch="false" />
                <line number="130" hits="1" branch="false" />
                <line number="131" hits="1" branch="false" />
                <line number="133" hits="1" branch="false" />
                <line number="134" hits="1" branch="false" />
                <line number="135" hits="1" branch="false" />
                <line number="136" hits="1" branch="false" />
              </lines>
            </method>
            <method name="PatchMatch_Reschedule_ReturnsOk" signature="()" line-rate="1" branch-rate="1" complexity="1">
              <lines>
                <line number="117" hits="1" branch="false" />
                <line number="118" hits="1" branch="false" />
                <line number="119" hits="1" branch="false" />
                <line number="121" hits="1" branch="false" />
                <line number="122" hits="1" branch="false" />
                <line number="123" hits="1" branch="false" />
                <line number="124" hits="1" branch="false" />
                <line number="125" hits="1" branch="false" />
              </lines>
            </method>
            <method name="RegisterResult_NegativeScore_ReturnsBadRequest" signature="()" line-rate="1" branch-rate="1" complexity="1">
              <lines>
                <line number="102" hits="1" branch="false" />
                <line number="103" hits="1" branch="false" />
                <line number="104" hits="1" branch="false" />
                <line number="106" hits="1" branch="false" />
                <line number="107" hits="1" branch="false" />
                <line number="108" hits="1" branch="false" />
                <line number="109" hits="1" branch="false" />
                <line number="110" hits="1" branch="false" />
                <line number="111" hits="1" branch="false" />
              </lines>
            </method>
            <method name="RegisterResult_ReturnsOk" signature="()" line-rate="1" branch-rate="1" complexity="1">
              <lines>
                <line number="89" hits="1" branch="false" />
                <line number="90" hits="1" branch="false" />
                <line number="91" hits="1" branch="false" />
                <line number="93" hits="1" branch="false" />
                <line number="94" hits="1" branch="false" />
                <line number="95" hits="1" branch="false" />
                <line number="96" hits="1" branch="false" />
                <line number="97" hits="1" branch="false" />
                <line number="98" hits="1" branch="false" />
              </lines>
            </method>
          </methods>
          <lines>
            <line number="12" hits="12" branch="false" />
            <line number="13" hits="12" branch="false" />
            <line number="14" hits="12" branch="false" />
            <line number="15" hits="12" branch="false" />
            <line number="21" hits="1" branch="false" />
            <line number="22" hits="1" branch="false" />
            <line number="23" hits="1" branch="false" />
            <line number="24" hits="1" branch="false" />
            <line number="30" hits="1" branch="false" />
            <line number="31" hits="1" branch="false" />
            <line number="32" hits="1" branch="false" />
            <line number="33" hits="1" branch="false" />
            <line number="37" hits="1" branch="false" />
            <line number="38" hits="1" branch="false" />
            <line number="39" hits="1" branch="false" />
            <line number="40" hits="1" branch="false" />
            <line number="41" hits="1" branch="false" />
            <line number="42" hits="1" branch="false" />
            <line number="48" hits="1" branch="false" />
            <line number="49" hits="1" branch="false" />
            <line number="50" hits="1" branch="false" />
            <line number="51" hits="1" branch="false" />
            <line number="52" hits="1" branch="false" />
            <line number="53" hits="1" branch="false" />
            <line number="57" hits="1" branch="false" />
            <line number="58" hits="1" branch="false" />
            <line number="59" hits="1" branch="false" />
            <line number="60" hits="1" branch="false" />
            <line number="61" hits="1" branch="false" />
            <line number="62" hits="1" branch="false" />
            <line number="63" hits="1" branch="false" />
            <line number="64" hits="1" branch="false" />
            <line number="68" hits="1" branch="false" />
            <line number="69" hits="1" branch="false" />
            <line number="70" hits="1" branch="false" />
            <line number="71" hits="1" branch="false" />
            <line number="72" hits="1" branch="false" />
            <line number="73" hits="1" branch="false" />
            <line number="74" hits="1" branch="false" />
            <line number="78" hits="1" branch="false" />
            <line number="79" hits="1" branch="false" />
            <line number="80" hits="1" branch="false" />
            <line number="81" hits="1" branch="false" />
            <line number="82" hits="1" branch="false" />
            <line number="83" hits="1" branch="false" />
            <line number="89" hits="1" branch="false" />
            <line number="90" hits="1" branch="false" />
            <line number="91" hits="1" branch="false" />
            <line number="93" hits="1" branch="false" />
            <line number="94" hits="1" branch="false" />
            <line number="95" hits="1" branch="false" />
            <line number="96" hits="1" branch="false" />
            <line number="97" hits="1" branch="false" />
            <line number="98" hits="1" branch="false" />
            <line number="102" hits="1" branch="false" />
            <line number="103" hits="1" branch="false" />
            <line number="104" hits="1" branch="false" />
            <line number="106" hits="1" branch="false" />
            <line number="107" hits="1" branch="false" />
            <line number="108" hits="1" branch="false" />
[...]
            <line number="50" hits="0" branch="false" />
            <line number="51" hits="0" branch="false" />
            <line number="53" hits="0" branch="false" />
            <line number="54" hits="0" branch="false" />
            <line number="55" hits="0" branch="false" />
            <line number="57" hits="0" branch="false" />
            <line number="59" hits="0" branch="false" />
            <line number="60" hits="0" branch="false" />
            <line number="61" hits="0" branch="false" />
            <line number="62" hits="0" branch="false" />
            <line number="63" hits="0" branch="false" />
            <line number="64" hits="0" branch="false" />
            <line number="65" hits="0" branch="false" />
            <line number="67" hits="0" branch="false" />
            <line number="68" hits="0" branch="false" />
          </lines>
        </class>
        <class name="MundialCorporativo.Infrastructure.Services.DomainEventLogger" filename="C:\Users\Hilmer Campos\source\repos\pruebita8\MundialCorporativo.Infrastructure\Services\DomainEventLogger.cs" line-rate="1" branch-rate="1" complexity="2">
          <methods>
            <method name="LogAsync" signature="(...)" line-rate="1" branch-rate="1" complexity="1">
              <lines>
                <line number="22" hits="33" branch="false" />
                <line number="23" hits="33" branch="false" />
                <line number="25" hits="33" branch="false" />
                <line number="26" hits="33" branch="false" />
                <line number="27" hits="33" branch="false" />
                <line number="28" hits="33" branch="false" />
                <line number="29" hits="33" branch="false" />
                <line number="30" hits="33" branch="false" />
                <line number="31" hits="33" branch="false" />
                <line number="32" hits="33" branch="false" />
                <line number="33" hits="33" branch="false" />
              </lines>
            </method>
            <method name=".ctor" signature="(...)" line-rate="1" branch-rate="1" complexity="1">
              <lines>
                <line number="15" hits="58" branch="false" />
                <line number="16" hits="58" branch="false" />
                <line number="17" hits="58" branch="false" />
                <line number="18" hits="58" branch="false" />
                <line number="19" hits="58" branch="false" />
              </lines>
            </method>
          </methods>
          <lines>
            <line number="15" hits="58" branch="false" />
            <line number="16" hits="58" branch="false" />
            <line number="17" hits="58" branch="false" />
            <line number="18" hits="58" branch="false" />
            <line number="19" hits="58" branch="false" />
            <line number="22" hits="33" branch="false" />
            <line number="23" hits="33" branch="false" />
            <line number="25" hits="33" branch="false" />
            <line number="26" hits="33" branch="false" />
            <line number="27" hits="33" branch="false" />
            <line number="28" hits="33" branch="false" />
            <line number="29" hits="33" branch="false" />
            <line number="30" hits="33" branch="false" />
            <line number="31" hits="33" branch="false" />
            <line number="32" hits="33" branch="false" />
            <line number="33" hits="33" branch="false" />
          </lines>
        </class>
        <class name="MundialCorporativo.Infrastructure.Services.IdempotencyService" filename="C:\Users\Hilmer Campos\source\repos\pruebita8\MundialCorporativo.Infrastructure\Services\IdempotencyService.cs" line-rate="0.896551724137931" branch-rate="1" complexity="4">
          <methods>
            <method name=".ctor" signature="(...)" line-rate="1" branch-rate="1" complexity="1">
              <lines>
                <line number="14" hits="73" branch="false" />
                <line number="15" hits="73" branch="false" />
                <line number="16" hits="73" branch="false" />
                <line number="17" hits="73" branch="false" />
                <line number="18" hits="73" branch="false" />
              </lines>
            </method>
            <method name="GetExistingAsync" signature="()" line-rate="1" branch-rate="1" complexity="2">
              <lines>
                <line number="21" hits="50" branch="false" />
                <line number="22" hits="50" branch="false" />
                <line number="23" hits="50" branch="false" />
                <line number="24" hits="50" branch="false" />
                <line number="26" hits="50" branch="true" condition-coverage="100% (2/2)" />
                <line number="27" hits="50" branch="false" />
              </lines>
            </method>
            <method name="SaveAsync" signature="()" line-rate="0.833333333333333" branch-rate="1" complexity="1">
              <lines>
                <line number="30" hits="50" branch="false" />
                <line number="31" hits="50" branch="false" />
                <line number="32" hits="50" branch="false" />
                <line number="33" hits="50" branch="false" />
                <line number="34" hits="50" branch="false" />
                <line number="35" hits="50" branch="false" />
                <line number="36" hits="50" branch="false" />
                <line number="37" hits="50" branch="false" />
                <line number="38" hits="50" branch="false" />
                <line number="39" hits="50" branch="false" />
                <line number="40" hits="50" branch="false" />
                <line number="43" hits="50" branch="false" />
                <line number="44" hits="50" branch="false" />
                <line number="45" hits="50" branch="false" />
                <line number="46" hits="0" branch="false" />
                <line number="47" hits="0" branch="false" />
                <line number="48" hits="0" branch="false" />
                <line number="49" hits="50" branch="false" />
              </lines>
            </method>
          </methods>
          <lines>
            <line number="14" hits="73" branch="false" />
            <line number="15" hits="73" branch="false" />
            <line number="16" hits="73" branch="false" />
            <line number="17" hits="73" branch="false" />
            <line number="18" hits="73" branch="false" />
            <line number="21" hits="50" branch="false" />
            <line number="22" hits="50" branch="false" />
            <line number="23" hits="50" branch="false" />
            <line number="24" hits="50" branch="false" />
            <line number="26" hits="50" branch="true" condition-coverage="100% (2/2)" />
            <line number="27" hits="50" branch="false" />
            <line number="30" hits="50" branch="false" />
            <line number="31" hits="50" branch="false" />
            <line number="32" hits="50" branch="false" />
            <line number="33" hits="50" branch="false" />
            <line number="34" hits="50" branch="false" />
            <line number="35" hits="50" branch="false" />
            <line number="36" hits="50" branch="false" />
            <line number="37" hits="50" branch="false" />
            <line number="38" hits="50" branch="false" />
            <line number="39" hits="50" branch="false" />
            <line number="40" hits="50" branch="false" />
            <line number="43" hits="50" branch="false" />
            <line number="44" hits="50" branch="false" />
            <line number="45" hits="50" branch="false" />
            <line number="46" hits="0" branch="false" />
            <line number="47" hits="0" branch="false" />
            <line number="48" hits="0" branch="false" />
            <line number="49" hits="50" branch="false" />
          </lines>
        </class>
      </classes>
    </package>
    <package name="MundialCorporativo.Infrastructure.Tests" line-rate="0.984375" branch-rate="1" complexity="13">
      <classes>
        <class name="AutoGeneratedProgram" filename="C:\Users\Hilmer Campos\.nuget\packages\microsoft.net.test.sdk\17.1.0\build\netcoreapp2.1\Microsoft.NET.Test.Sdk.Program.cs" line-rate="0" branch-rate="1" complexity="1">
          <methods>
            <method name="Main" signature="(...)" line-rate="0" branch-rate="1" complexity="1">
              <lines>
                <line number="4" hits="0" branch="false" />
              </lines>
            </method>
          </methods>
          <lines>
            <line number="4" hits="0" branch="false" />
          </lines>
        </class>
        <class name="MundialCorporativo.Infrastructure.Tests.Services.DomainEventLoggerTests" filename="C:\Users\Hilmer Campos\source\repos\pruebita8\Tests\MundialCorporativo.Infrastructure.Tests\Services\DomainEventLoggerTests.cs" line-rate="1" branch-rate="1" complexity="2">
          <methods>
            <method name="LogAsync_MultipleEvents_SavesAll" signature="()" line-rate="1" branch-rate="1" complexity="1">
              <lines>
                <line number="30" hits="1" branch="false" />
                <line number="31" hits="1" branch="false" />
                <line number="32" hits="1" branch="false" />
                <line number="34" hits="1" branch="false" />
                <line number="35" hits="1" branch="false" />
                <line number="37" hits="1" branch="false" />
                <line number="38" hits="1" branch="false" />
                <line number="39" hits="1" branch="false" />
                <line number="41" hits="1" branch="false" />
                <line number="42" hits="1" branch="false" />
              </lines>
            </method>
            <method name="LogAsync_SavesDomainEventLogEntry" signature="()" line-rate="1" branch-rate="1" complexity="1">
              <lines>
                <line number="12" hits="1" branch="false" />
                <line number="13" hits="1" branch="false" />
                <line number="14" hits="1" branch="false" />
                <line number="16" hits="1" branch="false" />
                <line number="18" hits="1" branch="false" />
                <line number="19" hits="1" branch="false" />
                <line number="21" hits="1" branch="false" />
                <line number="22" hits="1" branch="false" />
                <line number="23" hits="1" branch="false" />
                <line number="24" hits="1" branch="false" />
                <line number="25" hits="1" branch="false" />
                <line number="26" hits="1" branch="false" />
              </lines>
            </method>
          </methods>
          <lines>
            <line number="12" hits="1" branch="false" />
            <line number="13" hits="1" branch="false" />
            <line number="14" hits="1" branch="false" />
            <line number="16" hits="1" branch="false" />
            <line number="18" hits="1" branch="false" />
            <line number="19" hits="1" branch="false" />
            <line number="21" hits="1" branch="false" />
            <line number="22" hits="1" branch="false" />
            <line number="23" hits="1" branch="false" />
            <line number="24" hits="1" branch="false" />
            <line number="25" hits="1" branch="false" />
            <line number="26" hits="1" branch="false" />
            <line number="30" hits="1" branch="false" />
            <line number="31" hits="1" branch="false" />
            <line number="32" hits="1" branch="false" />
            <line number="34" hits="1" branch="false" />
            <line number="35" hits="1" branch="false" />
            <line number="37" hits="1" branch="false" />
            <line number="38" hits="1" branch="false" />
            <line number="39" hits="1" branch="false" />
            <line number="41" hits="1" branch="false" />
            <line number="42" hits="1" branch="false" />
          </lines>
        </class>
        <class name="MundialCorporativo.Infrastructure.Tests.Services.IdempotencyServiceTests" filename="C:\Users\Hilmer Campos\source\repos\pruebita8\Tests\MundialCorporativo.Infrastructure.Tests\Services\IdempotencyServiceTests.cs" line-rate="1" branch-rate="1" complexity="5">
          <methods>
            <method name="Build" signature="()" line-rate="1" branch-rate="1" complexity="1">
              <lines>
                <line number="11" hits="4" branch="false" />
                <line number="12" hits="4" branch="false" />
                <line number="13" hits="4" branch="false" />
                <line number="14" hits="4" branch="false" />
                <line number="15" hits="4" branch="false" />
              </lines>
            </method>
            <method name="GetExisting_DifferentPath_ReturnsNull" signature="()" line-rate="1" branch-rate="1" complexity="1">
              <lines>
                <line number="42" hits="1" branch="false" />
                <line number="43" hits="1" branch="false" />
                <line number="45" hits="1" branch="false" />
                <line number="47" hits="1" branch="false" />
                <line number="48" hits="1" branch="false" />
                <line number="49" hits="1" branch="false" />
              </lines>
            </method>
            <method name="GetExisting_WhenNoRecord_ReturnsNull" signature="()" line-rate="1" branch-rate="1" complexity="1">
              <lines>
                <line number="19" hits="1" branch="false" />
                <line number="20" hits="1" branch="false" />
                <line number="22" hits="1" branch="false" />
                <line number="24" hits="1" branch="false" />
                <line number="25" hits="1" branch="false" />
              </lines>
            </method>
            <method name="SaveAndRetrieve_ReturnsSavedResponseBody" signature="()" line-rate="1" branch-rate="1" complexity="1">
              <lines>
                <line number="29" hits="1" branch="false" />
                <line number="30" hits="1" branch="false" />
                <line number="32" hits="1" branch="false" />
                <line number="34" hits="1" branch="false" />
                <line number="35" hits="1" branch="false" />
                <line number="36" hits="1" branch="false" />
                <line number="37" hits="1" branch="false" />
                <line number="38" hits="1" branch="false" />
              </lines>
            </method>
            <method name="SaveTwice_SameKey_DoesNotThrow" signature="()" line-rate="1" branch-rate="1" complexity="1">
              <lines>
                <line number="53" hits="1" branch="false" />
                <line number="54" hits="1" branch="false" />
                <line number="56" hits="1" branch="false" />
                <line number="58" hits="1" branch="false" />
                <line number="59" hits="2" branch="false" />
                <line number="61" hits="1" branch="false" />
                <line number="62" hits="1" branch="false" />
              </lines>
            </method>
          </methods>
          <lines>
            <line number="11" hits="4" branch="false" />
            <line number="12" hits="4" branch="false" />
            <line number="13" hits="4" branch="false" />
            <line number="14" hits="4" branch="false" />
            <line number="15" hits="4" branch="false" />
            <line number="19" hits="1" branch="false" />
            <line number="20" hits="1" branch="false" />
            <line number="22" hits="1" branch="false" />
            <line number="24" hits="1" branch="false" />
            <line number="25" hits="1" branch="false" />
            <line number="29" hits="1" branch="false" />
            <line number="30" hits="1" branch="false" />
            <line number="32" hits="1" branch="false" />
            <line number="34" hits="1" branch="false" />
            <line number="35" hits="1" branch="false" />
            <line number="36" hits="1" branch="false" />
            <line number="37" hits="1" branch="false" />
            <line number="38" hits="1" branch="false" />
            <line number="42" hits="1" branch="false" />
            <line number="43" hits="1" branch="false" />
            <line number="45" hits="1" branch="false" />
            <line number="47" hits="1" branch="false" />
            <line number="48" hits="1" branch="false" />
            <line number="49" hits="1" branch="false" />
            <line number="53" hits="1" branch="false" />
            <line number="54" hits="1" branch="false" />
            <line number="56" hits="1" branch="false" />
            <line number="58" hits="1" branch="false" />
            <line number="59" hits="2" branch="false" />
            <line number="61" hits="1" branch="false" />
            <line number="62" hits="1" branch="false" />
          </lines>
        </class>
        <class name="MundialCorporativo.Infrastructure.Tests.Support.DbContextFactory" filename="C:\Users\Hilmer Campos\source\repos\pruebita8\Tests\MundialCorporativo.Infrastructure.Tests\Support\DbContextFactory.cs" line-rate="1" branch-rate="1" complexity="2">
          <methods>
            <method name="Create" signature="(...)" line-rate="1" branch-rate="1" complexity="2">
              <lines>
                <line number="10" hits="6" branch="false" />
                <line number="11" hits="6" branch="true" condition-coverage="100% (2/2)" />
                <line number="12" hits="6" branch="false" />
                <line number="13" hits="6" branch="false" />
                <line number="15" hits="6" branch="false" />
                <line number="16" hits="6" branch="false" />
              </lines>
            </method>
          </methods>
          <lines>
            <line number="10" hits="6" branch="false" />
            <line number="11" hits="6" branch="true" condition-coverage="100% (2/2)" />
            <line number="12" hits="6" branch="false" />
            <line number="13" hits="6" branch="false" />
            <line number="15" hits="6" branch="false" />
            <line number="16" hits="6" branch="false" />
          </lines>
        </class>
        <class name="MundialCorporativo.Infrastructure.Tests.Support.FakeUnitOfWork" filename="C:\Users\Hilmer Campos\source\repos\pruebita8\Tests\MundialCorporativo.Infrastructure.Tests\Support\DbContextFactory.cs" line-rate="1" branch-rate="1" complexity="2">
          <methods>
            <method name="CommitAsync" signature="(...)" line-rate="1" branch-rate="1" complexity="1">
              <lines>
                <line number="26" hits="4" branch="false" />
              </lines>
            </method>
            <method name=".ctor" signature="(...)" line-rate="1" branch-rate="1" complexity="1">
              <lines>
                <line number="23" hits="8" branch="false" />
              </lines>
            </method>
          </methods>
          <lines>
            <line number="23" hits="8" branch="false" />
            <line number="26" hits="4" branch="false" />
          </lines>
        </class>
        <class name="MundialCorporativo.Infrastructure.Tests.UnitTest1" filename="C:\Users\Hilmer Campos\source\repos\pruebita8\Tests\MundialCorporativo.Infrastructure.Tests\UnitTest1.cs" line-rate="1" branch-rate="1" complexity="1">
          <methods>
            <method name="Test1" signature="()" line-rate="1" branch-rate="1" complexity="1">
              <lines>
                <line number="7" hits="1" branch="false" />
                <line number="9" hits="1" branch="false" />
              </lines>
            </method>
          </methods>
          <lines>
            <line number="7" hits="1" branch="false" />
            <line number="9" hits="1" branch="false" />
          </lines>
        </class>
      </classes>
    </package>
  </packages>
</coverage>